# JRE version: OpenJDK Runtime Environment (11.0.10) (build 11.0.10+0-b96-7249189)
# Java VM: OpenJDK 64-Bit Server VM (11.0.10+0-b96-7249189, mixed mode, tiered, compressed oops, g1 gc, windows-amd64)
Heap:
 garbage-first heap   total 559104K, used 270792K [0x0000000080000000, 0x0000000100000000)
  region size 1024K, 3 young (3072K), 3 survivors (3072K)
 Metaspace       used 182940K, capacity 189530K, committed 194688K, reserved 1218560K
  class space    used 22195K, capacity 24599K, committed 25216K, reserved 1048576K
GC Heap History (20 events):
Event: 15337.416 GC heap after
{Heap after GC invocations=303 (full 0):
 garbage-first heap   total 455680K, used 224320K [0x0000000080000000, 0x0000000100000000)
  region size 1024K, 7 young (7168K), 7 survivors (7168K)
 Metaspace       used 182892K, capacity 189461K, committed 194688K, reserved 1218560K
  class space    used 22195K, capacity 24599K, committed 25216K, reserved 1048576K
}
Event: 15338.933 GC heap before
{Heap before GC invocations=304 (full 0):
 garbage-first heap   total 455680K, used 326720K [0x0000000080000000, 0x0000000100000000)
  region size 1024K, 127 young (130048K), 7 survivors (7168K)
 Metaspace       used 182928K, capacity 189466K, committed 194688K, reserved 1218560K
  class space    used 22195K, capacity 24599K, committed 25216K, reserved 1048576K
}
Event: 15339.008 GC heap after
{Heap after GC invocations=305 (full 0):
 garbage-first heap   total 455680K, used 219136K [0x0000000080000000, 0x0000000100000000)
  region size 1024K, 16 young (16384K), 16 survivors (16384K)
 Metaspace       used 182928K, capacity 189466K, committed 194688K, reserved 1218560K
  class space    used 22195K, capacity 24599K, committed 25216K, reserved 1048576K
}
Event: 15339.026 GC heap before
{Heap before GC invocations=305 (full 0):
 garbage-first heap   total 455680K, used 225280K [0x0000000080000000, 0x0000000100000000)
  region size 1024K, 22 young (22528K), 16 survivors (16384K)
 Metaspace       used 182928K, capacity 189466K, committed 194688K, reserved 1218560K
  class space    used 22195K, capacity 24599K, committed 25216K, reserved 1048576K
}
Event: 15339.084 GC heap after
{Heap after GC invocations=306 (full 0):
 garbage-first heap   total 455680K, used 192971K [0x0000000080000000, 0x0000000100000000)
  region size 1024K, 3 young (3072K), 3 survivors (3072K)
 Metaspace       used 182928K, capacity 189466K, committed 194688K, reserved 1218560K
  class space    used 22195K, capacity 24599K, committed 25216K, reserved 1048576K
}
Event: 15339.087 GC heap before
{Heap before GC invocations=306 (full 0):
 garbage-first heap   total 455680K, used 192971K [0x0000000080000000, 0x0000000100000000)
  region size 1024K, 4 young (4096K), 3 survivors (3072K)
 Metaspace       used 182928K, capacity 189466K, committed 194688K, reserved 1218560K
  class space    used 22195K, capacity 24599K, committed 25216K, reserved 1048576K
}
Event: 15339.106 GC heap after
{Heap after GC invocations=307 (full 0):
 garbage-first heap   total 455680K, used 192880K [0x0000000080000000, 0x0000000100000000)
  region size 1024K, 3 young (3072K), 3 survivors (3072K)
 Metaspace       used 182928K, capacity 189466K, committed 194688K, reserved 1218560K
  class space    used 22195K, capacity 24599K, committed 25216K, reserved 1048576K
}
Event: 15339.555 GC heap before
{Heap before GC invocations=307 (full 0):
 garbage-first heap   total 455680K, used 331120K [0x0000000080000000, 0x0000000100000000)
  region size 1024K, 134 young (137216K), 3 survivors (3072K)
 Metaspace       used 182928K, capacity 189466K, committed 194688K, reserved 1218560K
  class space    used 22195K, capacity 24599K, committed 25216K, reserved 1048576K
}
Event: 15339.693 GC heap after
{Heap after GC invocations=308 (full 0):
 garbage-first heap   total 455680K, used 261120K [0x0000000080000000, 0x0000000100000000)
  region size 1024K, 17 young (17408K), 17 survivors (17408K)
 Metaspace       used 182928K, capacity 189466K, committed 194688K, reserved 1218560K
  class space    used 22195K, capacity 24599K, committed 25216K, reserved 1048576K
}
Event: 15340.000 GC heap before
{Heap before GC invocations=308 (full 0):
 garbage-first heap   total 455680K, used 302080K [0x0000000080000000, 0x0000000100000000)
  region size 1024K, 60 young (61440K), 17 survivors (17408K)
 Metaspace       used 182928K, capacity 189466K, committed 194688K, reserved 1218560K
  class space    used 22195K, capacity 24599K, committed 25216K, reserved 1048576K
}
Event: 15340.132 GC heap after
{Heap after GC invocations=309 (full 0):
 garbage-first heap   total 455680K, used 270336K [0x0000000080000000, 0x0000000100000000)
  region size 1024K, 8 young (8192K), 8 survivors (8192K)
 Metaspace       used 182928K, capacity 189466K, committed 194688K, reserved 1218560K
  class space    used 22195K, capacity 24599K, committed 25216K, reserved 1048576K
}
Event: 15341.066 GC heap before
{Heap before GC invocations=310 (full 0):
 garbage-first heap   total 455680K, used 352256K [0x0000000080000000, 0x0000000100000000)
  region size 1024K, 82 young (83968K), 8 survivors (8192K)
 Metaspace       used 182940K, capacity 189530K, committed 194688K, reserved 1218560K
  class space    used 22195K, capacity 24599K, committed 25216K, reserved 1048576K
}
Event: 15341.125 GC heap after
{Heap after GC invocations=311 (full 0):
 garbage-first heap   total 455680K, used 288716K [0x0000000080000000, 0x0000000100000000)
  region size 1024K, 10 young (10240K), 10 survivors (10240K)
 Metaspace       used 182940K, capacity 189530K, committed 194688K, reserved 1218560K
  class space    used 22195K, capacity 24599K, committed 25216K, reserved 1048576K
}
Event: 15341.280 GC heap before
{Heap before GC invocations=311 (full 0):
 garbage-first heap   total 455680K, used 301004K [0x0000000080000000, 0x0000000100000000)
  region size 1024K, 22 young (22528K), 10 survivors (10240K)
 Metaspace       used 182940K, capacity 189530K, committed 194688K, reserved 1218560K
  class space    used 22195K, capacity 24599K, committed 25216K, reserved 1048576K
}
Event: 15341.335 GC heap after
{Heap after GC invocations=312 (full 0):
 garbage-first heap   total 455680K, used 280420K [0x0000000080000000, 0x0000000100000000)
  region size 1024K, 2 young (2048K), 2 survivors (2048K)
 Metaspace       used 182940K, capacity 189530K, committed 194688K, reserved 1218560K
  class space    used 22195K, capacity 24599K, committed 25216K, reserved 1048576K
}
Event: 15341.422 GC heap before
{Heap before GC invocations=312 (full 0):
 garbage-first heap   total 455680K, used 289636K [0x0000000080000000, 0x0000000100000000)
  region size 1024K, 12 young (12288K), 2 survivors (2048K)
 Metaspace       used 182940K, capacity 189530K, committed 194688K, reserved 1218560K
  class space    used 22195K, capacity 24599K, committed 25216K, reserved 1048576K
}
Event: 15341.443 GC heap after
{Heap after GC invocations=313 (full 0):
 garbage-first heap   total 455680K, used 283077K [0x0000000080000000, 0x0000000100000000)
  region size 1024K, 5 young (5120K), 5 survivors (5120K)
 Metaspace       used 182940K, capacity 189530K, committed 194688K, reserved 1218560K
  class space    used 22195K, capacity 24599K, committed 25216K, reserved 1048576K
}
Event: 15343.219 GC heap before
{Heap before GC invocations=314 (full 0):
 garbage-first heap   total 455680K, used 363973K [0x0000000080000000, 0x0000000100000000)
  region size 1024K, 76 young (77824K), 5 survivors (5120K)
 Metaspace       used 182940K, capacity 189530K, committed 194688K, reserved 1218560K
  class space    used 22195K, capacity 24599K, committed 25216K, reserved 1048576K
}
Event: 15343.248 GC heap after
{Heap after GC invocations=315 (full 0):
 garbage-first heap   total 455680K, used 285952K [0x0000000080000000, 0x0000000100000000)
  region size 1024K, 8 young (8192K), 8 survivors (8192K)
 Metaspace       used 182940K, capacity 189530K, committed 194688K, reserved 1218560K
  class space    used 22195K, capacity 24599K, committed 25216K, reserved 1048576K
}
Event: 15343.381 GC heap before
{Heap before GC invocations=315 (full 0):
 garbage-first heap   total 455680K, used 308480K [0x0000000080000000, 0x0000000100000000)
  region size 1024K, 22 young (22528K), 8 survivors (8192K)
 Metaspace       used 182940K, capacity 189530K, committed 194688K, reserved 1218560K
  class space    used 22195K, capacity 24599K, committed 25216K, reserved 1048576K
}

