# JRE version: OpenJDK Runtime Environment (11.0.10) (build 11.0.10+0-b96-7249189)
# Java VM: OpenJDK 64-Bit Server VM (11.0.10+0-b96-7249189, mixed mode, tiered, compressed oops, g1 gc, windows-amd64)
Heap:
 garbage-first heap   total 189440K, used 75527K [0x0000000080000000, 0x0000000100000000)
  region size 1024K, 21 young (21504K), 9 survivors (9216K)
 Metaspace       used 80343K, capacity 82429K, committed 82688K, reserved 1120256K
  class space    used 10439K, capacity 11202K, committed 11264K, reserved 1048576K
GC Heap History (20 events):
Event: 4.767 GC heap before
{Heap before GC invocations=5 (full 0):
 garbage-first heap   total 131072K, used 84985K [0x0000000080000000, 0x0000000100000000)
  region size 1024K, 76 young (77824K), 9 survivors (9216K)
 Metaspace       used 27033K, capacity 27673K, committed 27904K, reserved 1073152K
  class space    used 3573K, capacity 3825K, committed 3840K, reserved 1048576K
}
Event: 4.780 GC heap after
{Heap after GC invocations=6 (full 0):
 garbage-first heap   total 131072K, used 18836K [0x0000000080000000, 0x0000000100000000)
  region size 1024K, 3 young (3072K), 3 survivors (3072K)
 Metaspace       used 27033K, capacity 27673K, committed 27904K, reserved 1073152K
  class space    used 3573K, capacity 3825K, committed 3840K, reserved 1048576K
}
Event: 5.739 GC heap before
{Heap before GC invocations=6 (full 0):
 garbage-first heap   total 131072K, used 59796K [0x0000000080000000, 0x0000000100000000)
  region size 1024K, 45 young (46080K), 3 survivors (3072K)
 Metaspace       used 35024K, capacity 35802K, committed 35840K, reserved 1081344K
  class space    used 4533K, capacity 4832K, committed 4864K, reserved 1048576K
}
Event: 5.754 GC heap after
{Heap after GC invocations=7 (full 0):
 garbage-first heap   total 157696K, used 21841K [0x0000000080000000, 0x0000000100000000)
  region size 1024K, 6 young (6144K), 6 survivors (6144K)
 Metaspace       used 35024K, capacity 35802K, committed 35840K, reserved 1081344K
  class space    used 4533K, capacity 4832K, committed 4864K, reserved 1048576K
}
Event: 7.145 GC heap before
{Heap before GC invocations=8 (full 0):
 garbage-first heap   total 157696K, used 106833K [0x0000000080000000, 0x0000000100000000)
  region size 1024K, 86 young (88064K), 6 survivors (6144K)
 Metaspace       used 41172K, capacity 42138K, committed 42368K, reserved 1085440K
  class space    used 5325K, capacity 5674K, committed 5760K, reserved 1048576K
}
Event: 7.161 GC heap after
{Heap after GC invocations=9 (full 0):
 garbage-first heap   total 157696K, used 26855K [0x0000000080000000, 0x0000000100000000)
  region size 1024K, 11 young (11264K), 11 survivors (11264K)
 Metaspace       used 41172K, capacity 42138K, committed 42368K, reserved 1085440K
  class space    used 5325K, capacity 5674K, committed 5760K, reserved 1048576K
}
Event: 8.780 GC heap before
{Heap before GC invocations=9 (full 0):
 garbage-first heap   total 157696K, used 110823K [0x0000000080000000, 0x0000000100000000)
  region size 1024K, 92 young (94208K), 11 survivors (11264K)
 Metaspace       used 46963K, capacity 48190K, committed 48512K, reserved 1091584K
  class space    used 5997K, capacity 6430K, committed 6528K, reserved 1048576K
}
Event: 8.804 GC heap after
{Heap after GC invocations=10 (full 0):
 garbage-first heap   total 157696K, used 33394K [0x0000000080000000, 0x0000000100000000)
  region size 1024K, 11 young (11264K), 11 survivors (11264K)
 Metaspace       used 46963K, capacity 48190K, committed 48512K, reserved 1091584K
  class space    used 5997K, capacity 6430K, committed 6528K, reserved 1048576K
}
Event: 10.459 GC heap before
{Heap before GC invocations=10 (full 0):
 garbage-first heap   total 157696K, used 117362K [0x0000000080000000, 0x0000000100000000)
  region size 1024K, 91 young (93184K), 11 survivors (11264K)
 Metaspace       used 57251K, capacity 58751K, committed 58880K, reserved 1099776K
  class space    used 7268K, capacity 7825K, committed 7936K, reserved 1048576K
}
Event: 10.482 GC heap after
{Heap after GC invocations=11 (full 0):
 garbage-first heap   total 157696K, used 44032K [0x0000000080000000, 0x0000000100000000)
  region size 1024K, 12 young (12288K), 12 survivors (12288K)
 Metaspace       used 57251K, capacity 58751K, committed 58880K, reserved 1099776K
  class space    used 7268K, capacity 7825K, committed 7936K, reserved 1048576K
}
Event: 10.662 GC heap before
{Heap before GC invocations=11 (full 0):
 garbage-first heap   total 157696K, used 51200K [0x0000000080000000, 0x0000000100000000)
  region size 1024K, 20 young (20480K), 12 survivors (12288K)
 Metaspace       used 58584K, capacity 60033K, committed 60160K, reserved 1101824K
  class space    used 7423K, capacity 7974K, committed 8064K, reserved 1048576K
}
Event: 10.685 GC heap after
{Heap after GC invocations=12 (full 0):
 garbage-first heap   total 189440K, used 47478K [0x0000000080000000, 0x0000000100000000)
  region size 1024K, 3 young (3072K), 3 survivors (3072K)
 Metaspace       used 58584K, capacity 60033K, committed 60160K, reserved 1101824K
  class space    used 7423K, capacity 7974K, committed 8064K, reserved 1048576K
}
Event: 11.889 GC heap before
{Heap before GC invocations=13 (full 0):
 garbage-first heap   total 189440K, used 105846K [0x0000000080000000, 0x0000000100000000)
  region size 1024K, 60 young (61440K), 3 survivors (3072K)
 Metaspace       used 63160K, capacity 64806K, committed 65024K, reserved 1105920K
  class space    used 8033K, capacity 8611K, committed 8704K, reserved 1048576K
}
Event: 11.909 GC heap after
{Heap after GC invocations=14 (full 0):
 garbage-first heap   total 189440K, used 50797K [0x0000000080000000, 0x0000000100000000)
  region size 1024K, 6 young (6144K), 6 survivors (6144K)
 Metaspace       used 63160K, capacity 64806K, committed 65024K, reserved 1105920K
  class space    used 8033K, capacity 8611K, committed 8704K, reserved 1048576K
}
Event: 13.238 GC heap before
{Heap before GC invocations=15 (full 0):
 garbage-first heap   total 189440K, used 114285K [0x0000000080000000, 0x0000000100000000)
  region size 1024K, 68 young (69632K), 6 survivors (6144K)
 Metaspace       used 67748K, capacity 69270K, committed 69504K, reserved 1110016K
  class space    used 8760K, capacity 9326K, committed 9344K, reserved 1048576K
}
Event: 13.255 GC heap after
{Heap after GC invocations=16 (full 0):
 garbage-first heap   total 189440K, used 55599K [0x0000000080000000, 0x0000000100000000)
  region size 1024K, 5 young (5120K), 5 survivors (5120K)
 Metaspace       used 67748K, capacity 69270K, committed 69504K, reserved 1110016K
  class space    used 8760K, capacity 9326K, committed 9344K, reserved 1048576K
}
Event: 19.786 GC heap before
{Heap before GC invocations=16 (full 0):
 garbage-first heap   total 189440K, used 120111K [0x0000000080000000, 0x0000000100000000)
  region size 1024K, 69 young (70656K), 5 survivors (5120K)
 Metaspace       used 72493K, capacity 74302K, committed 74368K, reserved 1114112K
  class space    used 9427K, capacity 10066K, committed 10112K, reserved 1048576K
}
Event: 19.805 GC heap after
{Heap after GC invocations=17 (full 0):
 garbage-first heap   total 189440K, used 59946K [0x0000000080000000, 0x0000000100000000)
  region size 1024K, 9 young (9216K), 9 survivors (9216K)
 Metaspace       used 72493K, capacity 74302K, committed 74368K, reserved 1114112K
  class space    used 9427K, capacity 10066K, committed 10112K, reserved 1048576K
}
Event: 21.487 GC heap before
{Heap before GC invocations=17 (full 0):
 garbage-first heap   total 189440K, used 127530K [0x0000000080000000, 0x0000000100000000)
  region size 1024K, 75 young (76800K), 9 survivors (9216K)
 Metaspace       used 79647K, capacity 81606K, committed 81792K, reserved 1120256K
  class space    used 10354K, capacity 11071K, committed 11136K, reserved 1048576K
}
Event: 21.517 GC heap after
{Heap after GC invocations=18 (full 0):
 garbage-first heap   total 189440K, used 64263K [0x0000000080000000, 0x0000000100000000)
  region size 1024K, 9 young (9216K), 9 survivors (9216K)
 Metaspace       used 79647K, capacity 81606K, committed 81792K, reserved 1120256K
  class space    used 10354K, capacity 11071K, committed 11136K, reserved 1048576K
}

