# JRE version: OpenJDK Runtime Environment (11.0.10) (build 11.0.10+0-b96-7249189)
# Java VM: OpenJDK 64-Bit Server VM (11.0.10+0-b96-7249189, mixed mode, tiered, compressed oops, g1 gc, windows-amd64)
Heap:
 garbage-first heap   total 227328K, used 69929K [0x0000000080000000, 0x0000000100000000)
  region size 1024K, 10 young (10240K), 10 survivors (10240K)
 Metaspace       used 81337K, capacity 83389K, committed 83532K, reserved 1122304K
  class space    used 10535K, capacity 11284K, committed 11340K, reserved 1048576K
GC Heap History (20 events):
Event: 4.590 GC heap after
{Heap after GC invocations=6 (full 0):
 garbage-first heap   total 131072K, used 19697K [0x0000000080000000, 0x0000000100000000)
  region size 1024K, 3 young (3072K), 3 survivors (3072K)
 Metaspace       used 26707K, capacity 27318K, committed 27392K, reserved 1073152K
  class space    used 3529K, capacity 3792K, committed 3840K, reserved 1048576K
}
Event: 5.704 GC heap before
{Heap before GC invocations=6 (full 0):
 garbage-first heap   total 131072K, used 62705K [0x0000000080000000, 0x0000000100000000)
  region size 1024K, 47 young (48128K), 3 survivors (3072K)
 Metaspace       used 35040K, capacity 35834K, committed 35840K, reserved 1081344K
  class space    used 4540K, capacity 4864K, committed 4864K, reserved 1048576K
}
Event: 5.717 GC heap after
{Heap after GC invocations=7 (full 0):
 garbage-first heap   total 131072K, used 22675K [0x0000000080000000, 0x0000000100000000)
  region size 1024K, 6 young (6144K), 6 survivors (6144K)
 Metaspace       used 35040K, capacity 35834K, committed 35840K, reserved 1081344K
  class space    used 4540K, capacity 4864K, committed 4864K, reserved 1048576K
}
Event: 6.828 GC heap before
{Heap before GC invocations=8 (full 0):
 garbage-first heap   total 131072K, used 92307K [0x0000000080000000, 0x0000000100000000)
  region size 1024K, 72 young (73728K), 6 survivors (6144K)
 Metaspace       used 39858K, capacity 40824K, committed 41164K, reserved 1085440K
  class space    used 5113K, capacity 5456K, committed 5580K, reserved 1048576K
}
Event: 6.846 GC heap after
{Heap after GC invocations=9 (full 0):
 garbage-first heap   total 157696K, used 27861K [0x0000000080000000, 0x0000000100000000)
  region size 1024K, 9 young (9216K), 9 survivors (9216K)
 Metaspace       used 39858K, capacity 40824K, committed 41164K, reserved 1085440K
  class space    used 5113K, capacity 5456K, committed 5580K, reserved 1048576K
}
Event: 8.268 GC heap before
{Heap before GC invocations=9 (full 0):
 garbage-first heap   total 157696K, used 107733K [0x0000000080000000, 0x0000000100000000)
  region size 1024K, 86 young (88064K), 9 survivors (9216K)
 Metaspace       used 46448K, capacity 47698K, committed 47948K, reserved 1091584K
  class space    used 5953K, capacity 6399K, committed 6476K, reserved 1048576K
}
Event: 8.286 GC heap after
{Heap after GC invocations=10 (full 0):
 garbage-first heap   total 157696K, used 30593K [0x0000000080000000, 0x0000000100000000)
  region size 1024K, 8 young (8192K), 8 survivors (8192K)
 Metaspace       used 46448K, capacity 47698K, committed 47948K, reserved 1091584K
  class space    used 5953K, capacity 6399K, committed 6476K, reserved 1048576K
}
Event: 9.998 GC heap before
{Heap before GC invocations=10 (full 0):
 garbage-first heap   total 157696K, used 119681K [0x0000000080000000, 0x0000000100000000)
  region size 1024K, 92 young (94208K), 8 survivors (8192K)
 Metaspace       used 55044K, capacity 56423K, committed 56652K, reserved 1097728K
  class space    used 6976K, capacity 7478K, committed 7500K, reserved 1048576K
}
Event: 10.021 GC heap after
{Heap after GC invocations=11 (full 0):
 garbage-first heap   total 157696K, used 44438K [0x0000000080000000, 0x0000000100000000)
  region size 1024K, 12 young (12288K), 12 survivors (12288K)
 Metaspace       used 55044K, capacity 56423K, committed 56652K, reserved 1097728K
  class space    used 6976K, capacity 7478K, committed 7500K, reserved 1048576K
}
Event: 10.570 GC heap before
{Heap before GC invocations=11 (full 0):
 garbage-first heap   total 157696K, used 65942K [0x0000000080000000, 0x0000000100000000)
  region size 1024K, 34 young (34816K), 12 survivors (12288K)
 Metaspace       used 58595K, capacity 60100K, committed 60236K, reserved 1101824K
  class space    used 7430K, capacity 7975K, committed 8012K, reserved 1048576K
}
Event: 10.593 GC heap after
{Heap after GC invocations=12 (full 0):
 garbage-first heap   total 157696K, used 47388K [0x0000000080000000, 0x0000000100000000)
  region size 1024K, 3 young (3072K), 3 survivors (3072K)
 Metaspace       used 58595K, capacity 60100K, committed 60236K, reserved 1101824K
  class space    used 7430K, capacity 7975K, committed 8012K, reserved 1048576K
}
Event: 11.601 GC heap before
{Heap before GC invocations=13 (full 0):
 garbage-first heap   total 157696K, used 100636K [0x0000000080000000, 0x0000000100000000)
  region size 1024K, 55 young (56320K), 3 survivors (3072K)
 Metaspace       used 63047K, capacity 64578K, committed 64716K, reserved 1105920K
  class space    used 8012K, capacity 8578K, committed 8652K, reserved 1048576K
}
Event: 11.616 GC heap after
{Heap after GC invocations=14 (full 0):
 garbage-first heap   total 189440K, used 50533K [0x0000000080000000, 0x0000000100000000)
  region size 1024K, 6 young (6144K), 6 survivors (6144K)
 Metaspace       used 63047K, capacity 64578K, committed 64716K, reserved 1105920K
  class space    used 8012K, capacity 8578K, committed 8652K, reserved 1048576K
}
Event: 12.811 GC heap before
{Heap before GC invocations=15 (full 0):
 garbage-first heap   total 189440K, used 119141K [0x0000000080000000, 0x0000000100000000)
  region size 1024K, 73 young (74752K), 6 survivors (6144K)
 Metaspace       used 67623K, capacity 69131K, committed 69324K, reserved 1110016K
  class space    used 8755K, capacity 9324K, committed 9420K, reserved 1048576K
}
Event: 12.835 GC heap after
{Heap after GC invocations=16 (full 0):
 garbage-first heap   total 189440K, used 55888K [0x0000000080000000, 0x0000000100000000)
  region size 1024K, 10 young (10240K), 10 survivors (10240K)
 Metaspace       used 67623K, capacity 69131K, committed 69324K, reserved 1110016K
  class space    used 8755K, capacity 9324K, committed 9420K, reserved 1048576K
}
Event: 14.371 GC heap before
{Heap before GC invocations=16 (full 0):
 garbage-first heap   total 189440K, used 125520K [0x0000000080000000, 0x0000000100000000)
  region size 1024K, 78 young (79872K), 10 survivors (10240K)
 Metaspace       used 74912K, capacity 76687K, committed 76748K, reserved 1116160K
  class space    used 9773K, capacity 10428K, committed 10444K, reserved 1048576K
}
Event: 14.393 GC heap after
{Heap after GC invocations=17 (full 0):
 garbage-first heap   total 189440K, used 59939K [0x0000000080000000, 0x0000000100000000)
  region size 1024K, 10 young (10240K), 10 survivors (10240K)
 Metaspace       used 74912K, capacity 76687K, committed 76748K, reserved 1116160K
  class space    used 9773K, capacity 10428K, committed 10444K, reserved 1048576K
}
Event: 16.074 GC heap before
{Heap before GC invocations=17 (full 0):
 garbage-first heap   total 189440K, used 130595K [0x0000000080000000, 0x0000000100000000)
  region size 1024K, 80 young (81920K), 10 survivors (10240K)
 Metaspace       used 79641K, capacity 81762K, committed 81868K, reserved 1120256K
  class space    used 10397K, capacity 11190K, committed 11212K, reserved 1048576K
}
Event: 16.099 GC heap after
{Heap after GC invocations=18 (full 0):
 garbage-first heap   total 189440K, used 65112K [0x0000000080000000, 0x0000000100000000)
  region size 1024K, 10 young (10240K), 10 survivors (10240K)
 Metaspace       used 79641K, capacity 81762K, committed 81868K, reserved 1120256K
  class space    used 10397K, capacity 11190K, committed 11212K, reserved 1048576K
}
Event: 18.720 GC heap before
{Heap before GC invocations=18 (full 0):
 garbage-first heap   total 189440K, used 135768K [0x0000000080000000, 0x0000000100000000)
  region size 1024K, 80 young (81920K), 10 survivors (10240K)
 Metaspace       used 81337K, capacity 83389K, committed 83532K, reserved 1122304K
  class space    used 10535K, capacity 11284K, committed 11340K, reserved 1048576K
}

