# JRE version: OpenJDK Runtime Environment (11.0.10) (build 11.0.10+0-b96-7249189)
# Java VM: OpenJDK 64-Bit Server VM (11.0.10+0-b96-7249189, mixed mode, tiered, compressed oops, g1 gc, windows-amd64)
Heap:
 garbage-first heap   total 227328K, used 87014K [0x0000000080000000, 0x0000000100000000)
  region size 1024K, 6 young (6144K), 6 survivors (6144K)
 Metaspace       used 83495K, capacity 85553K, committed 85836K, reserved 1124352K
  class space    used 10726K, capacity 11485K, committed 11596K, reserved 1048576K
GC Heap History (20 events):
Event: 7.232 GC heap after
{Heap after GC invocations=7 (full 0):
 garbage-first heap   total 157696K, used 21638K [0x0000000080000000, 0x0000000100000000)
  region size 1024K, 6 young (6144K), 6 survivors (6144K)
 Metaspace       used 35052K, capacity 35830K, committed 35840K, reserved 1081344K
  class space    used 4538K, capacity 4864K, committed 4864K, reserved 1048576K
}
Event: 9.558 GC heap before
{Heap before GC invocations=8 (full 0):
 garbage-first heap   total 157696K, used 105606K [0x0000000080000000, 0x0000000100000000)
  region size 1024K, 85 young (87040K), 6 survivors (6144K)
 Metaspace       used 41159K, capacity 42128K, committed 42316K, reserved 1085440K
  class space    used 5322K, capacity 5673K, committed 5708K, reserved 1048576K
}
Event: 9.575 GC heap after
{Heap after GC invocations=9 (full 0):
 garbage-first heap   total 157696K, used 27017K [0x0000000080000000, 0x0000000100000000)
  region size 1024K, 11 young (11264K), 11 survivors (11264K)
 Metaspace       used 41159K, capacity 42128K, committed 42316K, reserved 1085440K
  class space    used 5322K, capacity 5673K, committed 5708K, reserved 1048576K
}
Event: 11.907 GC heap before
{Heap before GC invocations=9 (full 0):
 garbage-first heap   total 157696K, used 110985K [0x0000000080000000, 0x0000000100000000)
  region size 1024K, 92 young (94208K), 11 survivors (11264K)
 Metaspace       used 46958K, capacity 48179K, committed 48460K, reserved 1091584K
  class space    used 5995K, capacity 6427K, committed 6476K, reserved 1048576K
}
Event: 11.931 GC heap after
{Heap after GC invocations=10 (full 0):
 garbage-first heap   total 157696K, used 33320K [0x0000000080000000, 0x0000000100000000)
  region size 1024K, 11 young (11264K), 11 survivors (11264K)
 Metaspace       used 46958K, capacity 48179K, committed 48460K, reserved 1091584K
  class space    used 5995K, capacity 6427K, committed 6476K, reserved 1048576K
}
Event: 14.124 GC heap before
{Heap before GC invocations=10 (full 0):
 garbage-first heap   total 157696K, used 117288K [0x0000000080000000, 0x0000000100000000)
  region size 1024K, 91 young (93184K), 11 survivors (11264K)
 Metaspace       used 57440K, capacity 58877K, committed 59084K, reserved 1099776K
  class space    used 7291K, capacity 7824K, committed 7884K, reserved 1048576K
}
Event: 14.154 GC heap after
{Heap after GC invocations=11 (full 0):
 garbage-first heap   total 189440K, used 43938K [0x0000000080000000, 0x0000000100000000)
  region size 1024K, 12 young (12288K), 12 survivors (12288K)
 Metaspace       used 57440K, capacity 58877K, committed 59084K, reserved 1099776K
  class space    used 7291K, capacity 7824K, committed 7884K, reserved 1048576K
}
Event: 14.355 GC heap before
{Heap before GC invocations=11 (full 0):
 garbage-first heap   total 189440K, used 51106K [0x0000000080000000, 0x0000000100000000)
  region size 1024K, 20 young (20480K), 12 survivors (12288K)
 Metaspace       used 58627K, capacity 60150K, committed 60236K, reserved 1101824K
  class space    used 7432K, capacity 7971K, committed 8012K, reserved 1048576K
}
Event: 14.378 GC heap after
{Heap after GC invocations=12 (full 0):
 garbage-first heap   total 189440K, used 47223K [0x0000000080000000, 0x0000000100000000)
  region size 1024K, 3 young (3072K), 3 survivors (3072K)
 Metaspace       used 58627K, capacity 60150K, committed 60236K, reserved 1101824K
  class space    used 7432K, capacity 7971K, committed 8012K, reserved 1048576K
}
Event: 15.551 GC heap before
{Heap before GC invocations=13 (full 0):
 garbage-first heap   total 189440K, used 105591K [0x0000000080000000, 0x0000000100000000)
  region size 1024K, 60 young (61440K), 3 survivors (3072K)
 Metaspace       used 63228K, capacity 64794K, committed 64972K, reserved 1105920K
  class space    used 8040K, capacity 8608K, committed 8652K, reserved 1048576K
}
Event: 15.566 GC heap after
{Heap after GC invocations=14 (full 0):
 garbage-first heap   total 189440K, used 50360K [0x0000000080000000, 0x0000000100000000)
  region size 1024K, 6 young (6144K), 6 survivors (6144K)
 Metaspace       used 63228K, capacity 64794K, committed 64972K, reserved 1105920K
  class space    used 8040K, capacity 8608K, committed 8652K, reserved 1048576K
}
Event: 16.647 GC heap before
{Heap before GC invocations=15 (full 0):
 garbage-first heap   total 189440K, used 113848K [0x0000000080000000, 0x0000000100000000)
  region size 1024K, 68 young (69632K), 6 survivors (6144K)
 Metaspace       used 67834K, capacity 69428K, committed 69580K, reserved 1110016K
  class space    used 8774K, capacity 9358K, committed 9420K, reserved 1048576K
}
Event: 16.665 GC heap after
{Heap after GC invocations=16 (full 0):
 garbage-first heap   total 189440K, used 54763K [0x0000000080000000, 0x0000000100000000)
  region size 1024K, 5 young (5120K), 5 survivors (5120K)
 Metaspace       used 67834K, capacity 69428K, committed 69580K, reserved 1110016K
  class space    used 8774K, capacity 9358K, committed 9420K, reserved 1048576K
}
Event: 18.138 GC heap before
{Heap before GC invocations=16 (full 0):
 garbage-first heap   total 189440K, used 121323K [0x0000000080000000, 0x0000000100000000)
  region size 1024K, 70 young (71680K), 5 survivors (5120K)
 Metaspace       used 75040K, capacity 76802K, committed 77004K, reserved 1116160K
  class space    used 9776K, capacity 10406K, committed 10444K, reserved 1048576K
}
Event: 18.157 GC heap after
{Heap after GC invocations=17 (full 0):
 garbage-first heap   total 189440K, used 58807K [0x0000000080000000, 0x0000000100000000)
  region size 1024K, 9 young (9216K), 9 survivors (9216K)
 Metaspace       used 75040K, capacity 76802K, committed 77004K, reserved 1116160K
  class space    used 9776K, capacity 10406K, committed 10444K, reserved 1048576K
}
Event: 20.019 GC heap before
{Heap before GC invocations=17 (full 0):
 garbage-first heap   total 189440K, used 126391K [0x0000000080000000, 0x0000000100000000)
  region size 1024K, 76 young (77824K), 9 survivors (9216K)
 Metaspace       used 78671K, capacity 80627K, committed 80972K, reserved 1120256K
  class space    used 10287K, capacity 10989K, committed 11084K, reserved 1048576K
}
Event: 20.043 GC heap after
{Heap after GC invocations=18 (full 0):
 garbage-first heap   total 189440K, used 63660K [0x0000000080000000, 0x0000000100000000)
  region size 1024K, 9 young (9216K), 9 survivors (9216K)
 Metaspace       used 78671K, capacity 80627K, committed 80972K, reserved 1120256K
  class space    used 10287K, capacity 10989K, committed 11084K, reserved 1048576K
}
Event: 21.910 GC heap before
{Heap before GC invocations=18 (full 0):
 garbage-first heap   total 189440K, used 134316K [0x0000000080000000, 0x0000000100000000)
  region size 1024K, 77 young (78848K), 9 survivors (9216K)
 Metaspace       used 80772K, capacity 82846K, committed 83020K, reserved 1120256K
  class space    used 10466K, capacity 11225K, committed 11340K, reserved 1048576K
}
Event: 21.949 GC heap after
{Heap after GC invocations=19 (full 0):
 garbage-first heap   total 189440K, used 79689K [0x0000000080000000, 0x0000000100000000)
  region size 1024K, 10 young (10240K), 10 survivors (10240K)
 Metaspace       used 80772K, capacity 82846K, committed 83020K, reserved 1120256K
  class space    used 10466K, capacity 11225K, committed 11340K, reserved 1048576K
}
Event: 23.333 GC heap before
{Heap before GC invocations=19 (full 0):
 garbage-first heap   total 189440K, used 149321K [0x0000000080000000, 0x0000000100000000)
  region size 1024K, 64 young (65536K), 10 survivors (10240K)
 Metaspace       used 83495K, capacity 85553K, committed 85836K, reserved 1124352K
  class space    used 10726K, capacity 11485K, committed 11596K, reserved 1048576K
}

