# JRE version: OpenJDK Runtime Environment (11.0.10) (build 11.0.10+0-b96-7249189)
# Java VM: OpenJDK 64-Bit Server VM (11.0.10+0-b96-7249189, mixed mode, tiered, compressed oops, g1 gc, windows-amd64)
Heap:
 garbage-first heap   total 189440K, used 107489K [0x0000000080000000, 0x0000000100000000)
  region size 1024K, 57 young (58368K), 5 survivors (5120K)
 Metaspace       used 74111K, capacity 75799K, committed 76108K, reserved 1116160K
  class space    used 9658K, capacity 10310K, committed 10368K, reserved 1048576K
GC Heap History (20 events):
Event: 1.585 GC heap before
{Heap before GC invocations=2 (full 0):
 garbage-first heap   total 131072K, used 38673K [0x0000000080000000, 0x0000000100000000)
  region size 1024K, 31 young (31744K), 2 survivors (2048K)
 Metaspace       used 10759K, capacity 11003K, committed 11264K, reserved 1058816K
  class space    used 1124K, capacity 1206K, committed 1280K, reserved 1048576K
}
Event: 1.590 GC heap after
{Heap after GC invocations=3 (full 0):
 garbage-first heap   total 131072K, used 10753K [0x0000000080000000, 0x0000000100000000)
  region size 1024K, 3 young (3072K), 3 survivors (3072K)
 Metaspace       used 10759K, capacity 11003K, committed 11264K, reserved 1058816K
  class space    used 1124K, capacity 1206K, committed 1280K, reserved 1048576K
}
Event: 3.355 GC heap before
{Heap before GC invocations=3 (full 0):
 garbage-first heap   total 131072K, used 75265K [0x0000000080000000, 0x0000000100000000)
  region size 1024K, 67 young (68608K), 3 survivors (3072K)
 Metaspace       used 20613K, capacity 21118K, committed 21248K, reserved 1067008K
  class space    used 2519K, capacity 2720K, committed 2816K, reserved 1048576K
}
Event: 3.366 GC heap after
{Heap after GC invocations=4 (full 0):
 garbage-first heap   total 131072K, used 16468K [0x0000000080000000, 0x0000000100000000)
  region size 1024K, 9 young (9216K), 9 survivors (9216K)
 Metaspace       used 20613K, capacity 21118K, committed 21248K, reserved 1067008K
  class space    used 2519K, capacity 2720K, committed 2816K, reserved 1048576K
}
Event: 4.423 GC heap before
{Heap before GC invocations=5 (full 0):
 garbage-first heap   total 131072K, used 83028K [0x0000000080000000, 0x0000000100000000)
  region size 1024K, 74 young (75776K), 9 survivors (9216K)
 Metaspace       used 26782K, capacity 27445K, committed 27648K, reserved 1073152K
  class space    used 3540K, capacity 3793K, committed 3840K, reserved 1048576K
}
Event: 4.436 GC heap after
{Heap after GC invocations=6 (full 0):
 garbage-first heap   total 157696K, used 18776K [0x0000000080000000, 0x0000000100000000)
  region size 1024K, 3 young (3072K), 3 survivors (3072K)
 Metaspace       used 26782K, capacity 27445K, committed 27648K, reserved 1073152K
  class space    used 3540K, capacity 3793K, committed 3840K, reserved 1048576K
}
Event: 5.529 GC heap before
{Heap before GC invocations=6 (full 0):
 garbage-first heap   total 157696K, used 62808K [0x0000000080000000, 0x0000000100000000)
  region size 1024K, 47 young (48128K), 3 survivors (3072K)
 Metaspace       used 35010K, capacity 35798K, committed 35840K, reserved 1081344K
  class space    used 4533K, capacity 4832K, committed 4864K, reserved 1048576K
}
Event: 5.543 GC heap after
{Heap after GC invocations=7 (full 0):
 garbage-first heap   total 157696K, used 21588K [0x0000000080000000, 0x0000000100000000)
  region size 1024K, 6 young (6144K), 6 survivors (6144K)
 Metaspace       used 35010K, capacity 35798K, committed 35840K, reserved 1081344K
  class space    used 4533K, capacity 4832K, committed 4864K, reserved 1048576K
}
Event: 6.876 GC heap before
{Heap before GC invocations=8 (full 0):
 garbage-first heap   total 157696K, used 101460K [0x0000000080000000, 0x0000000100000000)
  region size 1024K, 81 young (82944K), 6 survivors (6144K)
 Metaspace       used 40557K, capacity 41518K, committed 41728K, reserved 1085440K
  class space    used 5231K, capacity 5597K, committed 5632K, reserved 1048576K
}
Event: 6.894 GC heap after
{Heap after GC invocations=9 (full 0):
 garbage-first heap   total 157696K, used 26811K [0x0000000080000000, 0x0000000100000000)
  region size 1024K, 11 young (11264K), 11 survivors (11264K)
 Metaspace       used 40557K, capacity 41518K, committed 41728K, reserved 1085440K
  class space    used 5231K, capacity 5597K, committed 5632K, reserved 1048576K
}
Event: 8.458 GC heap before
{Heap before GC invocations=9 (full 0):
 garbage-first heap   total 157696K, used 108731K [0x0000000080000000, 0x0000000100000000)
  region size 1024K, 90 young (92160K), 11 survivors (11264K)
 Metaspace       used 46719K, capacity 47944K, committed 48256K, reserved 1091584K
  class space    used 5977K, capacity 6416K, committed 6528K, reserved 1048576K
}
Event: 8.480 GC heap after
{Heap after GC invocations=10 (full 0):
 garbage-first heap   total 157696K, used 31235K [0x0000000080000000, 0x0000000100000000)
  region size 1024K, 10 young (10240K), 10 survivors (10240K)
 Metaspace       used 46719K, capacity 47944K, committed 48256K, reserved 1091584K
  class space    used 5977K, capacity 6416K, committed 6528K, reserved 1048576K
}
Event: 10.076 GC heap before
{Heap before GC invocations=10 (full 0):
 garbage-first heap   total 157696K, used 118275K [0x0000000080000000, 0x0000000100000000)
  region size 1024K, 92 young (94208K), 10 survivors (10240K)
 Metaspace       used 56094K, capacity 57567K, committed 57856K, reserved 1099776K
  class space    used 7107K, capacity 7622K, committed 7680K, reserved 1048576K
}
Event: 10.100 GC heap after
{Heap after GC invocations=11 (full 0):
 garbage-first heap   total 189440K, used 43194K [0x0000000080000000, 0x0000000100000000)
  region size 1024K, 12 young (12288K), 12 survivors (12288K)
 Metaspace       used 56094K, capacity 57567K, committed 57856K, reserved 1099776K
  class space    used 7107K, capacity 7622K, committed 7680K, reserved 1048576K
}
Event: 10.439 GC heap before
{Heap before GC invocations=11 (full 0):
 garbage-first heap   total 189440K, used 55482K [0x0000000080000000, 0x0000000100000000)
  region size 1024K, 25 young (25600K), 12 survivors (12288K)
 Metaspace       used 58380K, capacity 59914K, committed 60160K, reserved 1101824K
  class space    used 7398K, capacity 7936K, committed 7936K, reserved 1048576K
}
Event: 10.467 GC heap after
{Heap after GC invocations=12 (full 0):
 garbage-first heap   total 189440K, used 46587K [0x0000000080000000, 0x0000000100000000)
  region size 1024K, 3 young (3072K), 3 survivors (3072K)
 Metaspace       used 58380K, capacity 59914K, committed 60160K, reserved 1101824K
  class space    used 7398K, capacity 7936K, committed 7936K, reserved 1048576K
}
Event: 11.693 GC heap before
{Heap before GC invocations=13 (full 0):
 garbage-first heap   total 189440K, used 108027K [0x0000000080000000, 0x0000000100000000)
  region size 1024K, 63 young (64512K), 3 survivors (3072K)
 Metaspace       used 63185K, capacity 64783K, committed 64972K, reserved 1105920K
  class space    used 8033K, capacity 8605K, committed 8704K, reserved 1048576K
}
Event: 11.710 GC heap after
{Heap after GC invocations=14 (full 0):
 garbage-first heap   total 189440K, used 50708K [0x0000000080000000, 0x0000000100000000)
  region size 1024K, 7 young (7168K), 7 survivors (7168K)
 Metaspace       used 63185K, capacity 64783K, committed 64972K, reserved 1105920K
  class space    used 8033K, capacity 8605K, committed 8704K, reserved 1048576K
}
Event: 12.917 GC heap before
{Heap before GC invocations=15 (full 0):
 garbage-first heap   total 189440K, used 115220K [0x0000000080000000, 0x0000000100000000)
  region size 1024K, 70 young (71680K), 7 survivors (7168K)
 Metaspace       used 68194K, capacity 69769K, committed 69836K, reserved 1110016K
  class space    used 8817K, capacity 9429K, committed 9472K, reserved 1048576K
}
Event: 12.936 GC heap after
{Heap after GC invocations=16 (full 0):
 garbage-first heap   total 189440K, used 55265K [0x0000000080000000, 0x0000000100000000)
  region size 1024K, 5 young (5120K), 5 survivors (5120K)
 Metaspace       used 68194K, capacity 69769K, committed 69836K, reserved 1110016K
  class space    used 8817K, capacity 9429K, committed 9472K, reserved 1048576K
}

