# JRE version: OpenJDK Runtime Environment (11.0.10) (build 11.0.10+0-b96-7249189)
# Java VM: OpenJDK 64-Bit Server VM (11.0.10+0-b96-7249189, mixed mode, tiered, compressed oops, g1 gc, windows-amd64)
Heap:
 garbage-first heap   total 189440K, used 69777K [0x0000000080000000, 0x0000000100000000)
  region size 1024K, 18 young (18432K), 11 survivors (11264K)
 Metaspace       used 78727K, capacity 80723K, committed 80972K, reserved 1120256K
  class space    used 10290K, capacity 11039K, committed 11084K, reserved 1048576K
GC Heap History (20 events):
Event: 3.453 GC heap before
{Heap before GC invocations=3 (full 0):
 garbage-first heap   total 131072K, used 69523K [0x0000000080000000, 0x0000000100000000)
  region size 1024K, 61 young (62464K), 5 survivors (5120K)
 Metaspace       used 20605K, capacity 21118K, committed 21248K, reserved 1067008K
  class space    used 2519K, capacity 2720K, committed 2816K, reserved 1048576K
}
Event: 3.464 GC heap after
{Heap after GC invocations=4 (full 0):
 garbage-first heap   total 131072K, used 16364K [0x0000000080000000, 0x0000000100000000)
  region size 1024K, 9 young (9216K), 9 survivors (9216K)
 Metaspace       used 20605K, capacity 21118K, committed 21248K, reserved 1067008K
  class space    used 2519K, capacity 2720K, committed 2816K, reserved 1048576K
}
Event: 4.470 GC heap before
{Heap before GC invocations=5 (full 0):
 garbage-first heap   total 131072K, used 80876K [0x0000000080000000, 0x0000000100000000)
  region size 1024K, 72 young (73728K), 9 survivors (9216K)
 Metaspace       used 26593K, capacity 27263K, committed 27392K, reserved 1073152K
  class space    used 3513K, capacity 3755K, committed 3840K, reserved 1048576K
}
Event: 4.483 GC heap after
{Heap after GC invocations=6 (full 0):
 garbage-first heap   total 157696K, used 18911K [0x0000000080000000, 0x0000000100000000)
  region size 1024K, 6 young (6144K), 6 survivors (6144K)
 Metaspace       used 26593K, capacity 27263K, committed 27392K, reserved 1073152K
  class space    used 3513K, capacity 3755K, committed 3840K, reserved 1048576K
}
Event: 5.522 GC heap before
{Heap before GC invocations=6 (full 0):
 garbage-first heap   total 157696K, used 64991K [0x0000000080000000, 0x0000000100000000)
  region size 1024K, 52 young (53248K), 6 survivors (6144K)
 Metaspace       used 35020K, capacity 35830K, committed 35840K, reserved 1081344K
  class space    used 4543K, capacity 4864K, committed 4864K, reserved 1048576K
}
Event: 5.536 GC heap after
{Heap after GC invocations=7 (full 0):
 garbage-first heap   total 157696K, used 22030K [0x0000000080000000, 0x0000000100000000)
  region size 1024K, 9 young (9216K), 9 survivors (9216K)
 Metaspace       used 35020K, capacity 35830K, committed 35840K, reserved 1081344K
  class space    used 4543K, capacity 4864K, committed 4864K, reserved 1048576K
}
Event: 6.967 GC heap before
{Heap before GC invocations=8 (full 0):
 garbage-first heap   total 157696K, used 109070K [0x0000000080000000, 0x0000000100000000)
  region size 1024K, 92 young (94208K), 9 survivors (9216K)
 Metaspace       used 41493K, capacity 42481K, committed 42700K, reserved 1085440K
  class space    used 5357K, capacity 5705K, committed 5836K, reserved 1048576K
}
Event: 6.987 GC heap after
{Heap after GC invocations=9 (full 0):
 garbage-first heap   total 157696K, used 27729K [0x0000000080000000, 0x0000000100000000)
  region size 1024K, 12 young (12288K), 12 survivors (12288K)
 Metaspace       used 41493K, capacity 42481K, committed 42700K, reserved 1085440K
  class space    used 5357K, capacity 5705K, committed 5836K, reserved 1048576K
}
Event: 8.596 GC heap before
{Heap before GC invocations=9 (full 0):
 garbage-first heap   total 157696K, used 111697K [0x0000000080000000, 0x0000000100000000)
  region size 1024K, 92 young (94208K), 12 survivors (12288K)
 Metaspace       used 46948K, capacity 48180K, committed 48460K, reserved 1091584K
  class space    used 6002K, capacity 6427K, committed 6476K, reserved 1048576K
}
Event: 8.620 GC heap after
{Heap after GC invocations=10 (full 0):
 garbage-first heap   total 157696K, used 36164K [0x0000000080000000, 0x0000000100000000)
  region size 1024K, 12 young (12288K), 12 survivors (12288K)
 Metaspace       used 46948K, capacity 48180K, committed 48460K, reserved 1091584K
  class space    used 6002K, capacity 6427K, committed 6476K, reserved 1048576K
}
Event: 10.323 GC heap before
{Heap before GC invocations=10 (full 0):
 garbage-first heap   total 157696K, used 120132K [0x0000000080000000, 0x0000000100000000)
  region size 1024K, 92 young (94208K), 12 survivors (12288K)
 Metaspace       used 57707K, capacity 59263K, committed 59340K, reserved 1101824K
  class space    used 7342K, capacity 7868K, committed 7884K, reserved 1048576K
}
Event: 10.351 GC heap after
{Heap after GC invocations=11 (full 0):
 garbage-first heap   total 189440K, used 45253K [0x0000000080000000, 0x0000000100000000)
  region size 1024K, 7 young (7168K), 7 survivors (7168K)
 Metaspace       used 57707K, capacity 59263K, committed 59340K, reserved 1101824K
  class space    used 7342K, capacity 7868K, committed 7884K, reserved 1048576K
}
Event: 10.441 GC heap before
{Heap before GC invocations=11 (full 0):
 garbage-first heap   total 189440K, used 48325K [0x0000000080000000, 0x0000000100000000)
  region size 1024K, 11 young (11264K), 7 survivors (7168K)
 Metaspace       used 58559K, capacity 60086K, committed 60236K, reserved 1101824K
  class space    used 7434K, capacity 7971K, committed 8012K, reserved 1048576K
}
Event: 10.455 GC heap after
{Heap after GC invocations=12 (full 0):
 garbage-first heap   total 189440K, used 45765K [0x0000000080000000, 0x0000000100000000)
  region size 1024K, 7 young (7168K), 7 survivors (7168K)
 Metaspace       used 58559K, capacity 60086K, committed 60236K, reserved 1101824K
  class space    used 7434K, capacity 7971K, committed 8012K, reserved 1048576K
}
Event: 11.854 GC heap before
{Heap before GC invocations=13 (full 0):
 garbage-first heap   total 189440K, used 133829K [0x0000000080000000, 0x0000000100000000)
  region size 1024K, 93 young (95232K), 7 survivors (7168K)
 Metaspace       used 63351K, capacity 64948K, committed 64972K, reserved 1105920K
  class space    used 8064K, capacity 8637K, committed 8652K, reserved 1048576K
}
Event: 11.878 GC heap after
{Heap after GC invocations=14 (full 0):
 garbage-first heap   total 189440K, used 52704K [0x0000000080000000, 0x0000000100000000)
  region size 1024K, 8 young (8192K), 8 survivors (8192K)
 Metaspace       used 63351K, capacity 64948K, committed 64972K, reserved 1105920K
  class space    used 8064K, capacity 8637K, committed 8652K, reserved 1048576K
}
Event: 13.963 GC heap before
{Heap before GC invocations=15 (full 0):
 garbage-first heap   total 189440K, used 139744K [0x0000000080000000, 0x0000000100000000)
  region size 1024K, 93 young (95232K), 8 survivors (8192K)
 Metaspace       used 73860K, capacity 75550K, committed 75852K, reserved 1114112K
  class space    used 9636K, capacity 10248K, committed 10316K, reserved 1048576K
}
Event: 13.985 GC heap after
{Heap after GC invocations=16 (full 0):
 garbage-first heap   total 189440K, used 57713K [0x0000000080000000, 0x0000000100000000)
  region size 1024K, 5 young (5120K), 5 survivors (5120K)
 Metaspace       used 73860K, capacity 75550K, committed 75852K, reserved 1114112K
  class space    used 9636K, capacity 10248K, committed 10316K, reserved 1048576K
}
Event: 16.216 GC heap before
{Heap before GC invocations=16 (full 0):
 garbage-first heap   total 189440K, used 142705K [0x0000000080000000, 0x0000000100000000)
  region size 1024K, 89 young (91136K), 5 survivors (5120K)
 Metaspace       used 78669K, capacity 80717K, committed 80972K, reserved 1120256K
  class space    used 10289K, capacity 11038K, committed 11084K, reserved 1048576K
}
Event: 16.244 GC heap after
{Heap after GC invocations=17 (full 0):
 garbage-first heap   total 189440K, used 63633K [0x0000000080000000, 0x0000000100000000)
  region size 1024K, 11 young (11264K), 11 survivors (11264K)
 Metaspace       used 78669K, capacity 80717K, committed 80972K, reserved 1120256K
  class space    used 10289K, capacity 11038K, committed 11084K, reserved 1048576K
}

