# JRE version: OpenJDK Runtime Environment (11.0.10) (build 11.0.10+0-b96-7249189)
# Java VM: OpenJDK 64-Bit Server VM (11.0.10+0-b96-7249189, mixed mode, tiered, compressed oops, g1 gc, windows-amd64)
Heap:
 garbage-first heap   total 157696K, used 49067K [0x0000000080000000, 0x0000000100000000)
  region size 1024K, 18 young (18432K), 12 survivors (12288K)
 Metaspace       used 56156K, capacity 57575K, committed 57932K, reserved 1099776K
  class space    used 7112K, capacity 7623K, committed 7756K, reserved 1048576K
GC Heap History (18 events):
Event: 0.823 GC heap before
{Heap before GC invocations=0 (full 0):
 garbage-first heap   total 131072K, used 19456K [0x0000000080000000, 0x0000000100000000)
  region size 1024K, 14 young (14336K), 0 survivors (0K)
 Metaspace       used 6732K, capacity 6921K, committed 7168K, reserved 1056768K
  class space    used 582K, capacity 650K, committed 768K, reserved 1048576K
}
Event: 0.828 GC heap after
{Heap after GC invocations=1 (full 0):
 garbage-first heap   total 131072K, used 8394K [0x0000000080000000, 0x0000000100000000)
  region size 1024K, 2 young (2048K), 2 survivors (2048K)
 Metaspace       used 6732K, capacity 6921K, committed 7168K, reserved 1056768K
  class space    used 582K, capacity 650K, committed 768K, reserved 1048576K
}
Event: 1.211 GC heap before
{Heap before GC invocations=1 (full 0):
 garbage-first heap   total 131072K, used 20682K [0x0000000080000000, 0x0000000100000000)
  region size 1024K, 14 young (14336K), 2 survivors (2048K)
 Metaspace       used 9846K, capacity 10050K, committed 10112K, reserved 1058816K
  class space    used 1021K, capacity 1102K, committed 1152K, reserved 1048576K
}
Event: 1.216 GC heap after
{Heap after GC invocations=2 (full 0):
 garbage-first heap   total 131072K, used 9333K [0x0000000080000000, 0x0000000100000000)
  region size 1024K, 2 young (2048K), 2 survivors (2048K)
 Metaspace       used 9846K, capacity 10050K, committed 10112K, reserved 1058816K
  class space    used 1021K, capacity 1102K, committed 1152K, reserved 1048576K
}
Event: 2.006 GC heap before
{Heap before GC invocations=2 (full 0):
 garbage-first heap   total 131072K, used 39029K [0x0000000080000000, 0x0000000100000000)
  region size 1024K, 31 young (31744K), 2 survivors (2048K)
 Metaspace       used 10773K, capacity 11003K, committed 11264K, reserved 1058816K
  class space    used 1124K, capacity 1206K, committed 1280K, reserved 1048576K
}
Event: 2.011 GC heap after
{Heap after GC invocations=3 (full 0):
 garbage-first heap   total 131072K, used 11914K [0x0000000080000000, 0x0000000100000000)
  region size 1024K, 4 young (4096K), 4 survivors (4096K)
 Metaspace       used 10773K, capacity 11003K, committed 11264K, reserved 1058816K
  class space    used 1124K, capacity 1206K, committed 1280K, reserved 1048576K
}
Event: 4.392 GC heap before
{Heap before GC invocations=3 (full 0):
 garbage-first heap   total 131072K, used 76426K [0x0000000080000000, 0x0000000100000000)
  region size 1024K, 68 young (69632K), 4 survivors (4096K)
 Metaspace       used 20634K, capacity 21118K, committed 21248K, reserved 1067008K
  class space    used 2522K, capacity 2720K, committed 2816K, reserved 1048576K
}
Event: 4.403 GC heap after
{Heap after GC invocations=4 (full 0):
 garbage-first heap   total 131072K, used 16562K [0x0000000080000000, 0x0000000100000000)
  region size 1024K, 9 young (9216K), 9 survivors (9216K)
 Metaspace       used 20634K, capacity 21118K, committed 21248K, reserved 1067008K
  class space    used 2522K, capacity 2720K, committed 2816K, reserved 1048576K
}
Event: 5.677 GC heap before
{Heap before GC invocations=5 (full 0):
 garbage-first heap   total 131072K, used 83122K [0x0000000080000000, 0x0000000100000000)
  region size 1024K, 74 young (75776K), 9 survivors (9216K)
 Metaspace       used 26841K, capacity 27445K, committed 27648K, reserved 1073152K
  class space    used 3542K, capacity 3793K, committed 3840K, reserved 1048576K
}
Event: 5.693 GC heap after
{Heap after GC invocations=6 (full 0):
 garbage-first heap   total 131072K, used 18983K [0x0000000080000000, 0x0000000100000000)
  region size 1024K, 3 young (3072K), 3 survivors (3072K)
 Metaspace       used 26841K, capacity 27445K, committed 27648K, reserved 1073152K
  class space    used 3542K, capacity 3793K, committed 3840K, reserved 1048576K
}
Event: 6.751 GC heap before
{Heap before GC invocations=6 (full 0):
 garbage-first heap   total 131072K, used 60967K [0x0000000080000000, 0x0000000100000000)
  region size 1024K, 46 young (47104K), 3 survivors (3072K)
 Metaspace       used 35053K, capacity 35830K, committed 35840K, reserved 1081344K
  class space    used 4539K, capacity 4864K, committed 4864K, reserved 1048576K
}
Event: 6.765 GC heap after
{Heap after GC invocations=7 (full 0):
 garbage-first heap   total 131072K, used 21955K [0x0000000080000000, 0x0000000100000000)
  region size 1024K, 6 young (6144K), 6 survivors (6144K)
 Metaspace       used 35053K, capacity 35830K, committed 35840K, reserved 1081344K
  class space    used 4539K, capacity 4864K, committed 4864K, reserved 1048576K
}
Event: 8.603 GC heap before
{Heap before GC invocations=8 (full 0):
 garbage-first heap   total 131072K, used 93635K [0x0000000080000000, 0x0000000100000000)
  region size 1024K, 74 young (75776K), 6 survivors (6144K)
 Metaspace       used 40116K, capacity 41096K, committed 41420K, reserved 1085440K
  class space    used 5150K, capacity 5499K, committed 5580K, reserved 1048576K
}
Event: 8.623 GC heap after
{Heap after GC invocations=9 (full 0):
 garbage-first heap   total 157696K, used 27178K [0x0000000080000000, 0x0000000100000000)
  region size 1024K, 9 young (9216K), 9 survivors (9216K)
 Metaspace       used 40116K, capacity 41096K, committed 41420K, reserved 1085440K
  class space    used 5150K, capacity 5499K, committed 5580K, reserved 1048576K
}
Event: 11.406 GC heap before
{Heap before GC invocations=9 (full 0):
 garbage-first heap   total 157696K, used 107050K [0x0000000080000000, 0x0000000100000000)
  region size 1024K, 87 young (89088K), 9 survivors (9216K)
 Metaspace       used 46610K, capacity 47812K, committed 47948K, reserved 1091584K
  class space    used 5969K, capacity 6415K, committed 6476K, reserved 1048576K
}
Event: 11.425 GC heap after
{Heap after GC invocations=10 (full 0):
 garbage-first heap   total 157696K, used 30817K [0x0000000080000000, 0x0000000100000000)
  region size 1024K, 9 young (9216K), 9 survivors (9216K)
 Metaspace       used 46610K, capacity 47812K, committed 47948K, reserved 1091584K
  class space    used 5969K, capacity 6415K, committed 6476K, reserved 1048576K
}
Event: 13.764 GC heap before
{Heap before GC invocations=10 (full 0):
 garbage-first heap   total 157696K, used 118881K [0x0000000080000000, 0x0000000100000000)
  region size 1024K, 92 young (94208K), 9 survivors (9216K)
 Metaspace       used 55664K, capacity 57097K, committed 57292K, reserved 1099776K
  class space    used 7044K, capacity 7550K, committed 7628K, reserved 1048576K
}
Event: 13.789 GC heap after
{Heap after GC invocations=11 (full 0):
 garbage-first heap   total 157696K, used 43947K [0x0000000080000000, 0x0000000100000000)
  region size 1024K, 12 young (12288K), 12 survivors (12288K)
 Metaspace       used 55664K, capacity 57097K, committed 57292K, reserved 1099776K
  class space    used 7044K, capacity 7550K, committed 7628K, reserved 1048576K
}

